# JRE version: Java(TM) SE Runtime Environment (8.0_151-b12) (build 1.8.0_151-b12)
# Java VM: Java HotSpot(TM) 64-Bit Server VM (25.151-b12 mixed mode bsd-amd64 compressed oops)
Heap:
 PSYoungGen      total 33792K, used 21922K [0x00000007bd580000, 0x00000007c0000000, 0x00000007c0000000)
  eden space 26112K, 55% used [0x00000007bd580000,0x00000007be3c0c20,0x00000007bef00000)
  from space 7680K, 95% used [0x00000007bef00000,0x00000007bf627cb8,0x00000007bf680000)
  to   space 9216K, 0% used [0x00000007bf700000,0x00000007bf700000,0x00000007c0000000)
 ParOldGen       total 64512K, used 7684K [0x00000007b8000000, 0x00000007bbf00000, 0x00000007bd580000)
  object space 64512K, 11% used [0x00000007b8000000,0x00000007b87812d8,0x00000007bbf00000)
 Metaspace       used 26064K, capacity 26387K, committed 26752K, reserved 1073152K
  class space    used 3010K, capacity 3102K, committed 3200K, reserved 1048576K
GC Heap History (10 events):
Event: 54.925 GC heap before
{Heap before GC invocations=10 (full 1):
 PSYoungGen      total 33280K, used 27864K [0x00000007bd580000, 0x00000007bff00000, 0x00000007c0000000)
  eden space 25088K, 100% used [0x00000007bd580000,0x00000007bee00000,0x00000007bee00000)
  from space 8192K, 33% used [0x00000007bf700000,0x00000007bf9b6250,0x00000007bff00000)
  to   space 8704K, 0% used [0x00000007bee00000,0x00000007bee00000,0x00000007bf680000)
 ParOldGen       total 64512K, used 7644K [0x00000007b8000000, 0x00000007bbf00000, 0x00000007bd580000)
  object space 64512K, 11% used [0x00000007b8000000,0x00000007b87772d8,0x00000007bbf00000)
 Metaspace       used 24715K, capacity 25025K, committed 25344K, reserved 1071104K
  class space    used 2844K, capacity 2971K, committed 3072K, reserved 1048576K
Event: 54.928 GC heap after
Heap after GC invocations=10 (full 1):
 PSYoungGen      total 33792K, used 3168K [0x00000007bd580000, 0x00000007c0000000, 0x00000007c0000000)
  eden space 25088K, 0% used [0x00000007bd580000,0x00000007bd580000,0x00000007bee00000)
  from space 8704K, 36% used [0x00000007bee00000,0x00000007bf118358,0x00000007bf680000)
  to   space 8704K, 0% used [0x00000007bf780000,0x00000007bf780000,0x00000007c0000000)
 ParOldGen       total 64512K, used 7652K [0x00000007b8000000, 0x00000007bbf00000, 0x00000007bd580000)
  object space 64512K, 11% used [0x00000007b8000000,0x00000007b87792d8,0x00000007bbf00000)
 Metaspace       used 24715K, capacity 25025K, committed 25344K, reserved 1071104K
  class space    used 2844K, capacity 2971K, committed 3072K, reserved 1048576K
}
Event: 55.657 GC heap before
{Heap before GC invocations=11 (full 1):
 PSYoungGen      total 33792K, used 28256K [0x00000007bd580000, 0x00000007c0000000, 0x00000007c0000000)
  eden space 25088K, 100% used [0x00000007bd580000,0x00000007bee00000,0x00000007bee00000)
  from space 8704K, 36% used [0x00000007bee00000,0x00000007bf118358,0x00000007bf680000)
  to   space 8704K, 0% used [0x00000007bf780000,0x00000007bf780000,0x00000007c0000000)
 ParOldGen       total 64512K, used 7652K [0x00000007b8000000, 0x00000007bbf00000, 0x00000007bd580000)
  object space 64512K, 11% used [0x00000007b8000000,0x00000007b87792d8,0x00000007bbf00000)
 Metaspace       used 24833K, capacity 25153K, committed 25344K, reserved 1071104K
  class space    used 2851K, capacity 2971K, committed 3072K, reserved 1048576K
Event: 55.660 GC heap after
Heap after GC invocations=11 (full 1):
 PSYoungGen      total 33792K, used 3456K [0x00000007bd580000, 0x00000007bff00000, 0x00000007c0000000)
  eden space 26112K, 0% used [0x00000007bd580000,0x00000007bd580000,0x00000007bef00000)
  from space 7680K, 45% used [0x00000007bf780000,0x00000007bfae0370,0x00000007bff00000)
  to   space 8192K, 0% used [0x00000007bef00000,0x00000007bef00000,0x00000007bf700000)
 ParOldGen       total 64512K, used 7660K [0x00000007b8000000, 0x00000007bbf00000, 0x00000007bd580000)
  object space 64512K, 11% used [0x00000007b8000000,0x00000007b877b2d8,0x00000007bbf00000)
 Metaspace       used 24833K, capacity 25153K, committed 25344K, reserved 1071104K
  class space    used 2851K, capacity 2971K, committed 3072K, reserved 1048576K
}
Event: 60.023 GC heap before
{Heap before GC invocations=12 (full 1):
 PSYoungGen      total 33792K, used 29568K [0x00000007bd580000, 0x00000007bff00000, 0x00000007c0000000)
  eden space 26112K, 100% used [0x00000007bd580000,0x00000007bef00000,0x00000007bef00000)
  from space 7680K, 45% used [0x00000007bf780000,0x00000007bfae0370,0x00000007bff00000)
  to   space 8192K, 0% used [0x00000007bef00000,0x00000007bef00000,0x00000007bf700000)
 ParOldGen       total 64512K, used 7660K [0x00000007b8000000, 0x00000007bbf00000, 0x00000007bd580000)
  object space 64512K, 11% used [0x00000007b8000000,0x00000007b877b2d8,0x00000007bbf00000)
 Metaspace       used 25268K, capacity 25587K, committed 25856K, reserved 1073152K
  class space    used 2901K, capacity 3006K, committed 3072K, reserved 1048576K
Event: 60.026 GC heap after
Heap after GC invocations=12 (full 1):
 PSYoungGen      total 34304K, used 3829K [0x00000007bd580000, 0x00000007c0000000, 0x00000007c0000000)
  eden space 26112K, 0% used [0x00000007bd580000,0x00000007bd580000,0x00000007bef00000)
  from space 8192K, 46% used [0x00000007bef00000,0x00000007bf2bd740,0x00000007bf700000)
  to   space 8192K, 0% used [0x00000007bf800000,0x00000007bf800000,0x00000007c0000000)
 ParOldGen       total 64512K, used 7668K [0x00000007b8000000, 0x00000007bbf00000, 0x00000007bd580000)
  object space 64512K, 11% used [0x00000007b8000000,0x00000007b877d2d8,0x00000007bbf00000)
 Metaspace       used 25268K, capacity 25587K, committed 25856K, reserved 1073152K
  class space    used 2901K, capacity 3006K, committed 3072K, reserved 1048576K
}
Event: 62.462 GC heap before
{Heap before GC invocations=13 (full 1):
 PSYoungGen      total 34304K, used 29941K [0x00000007bd580000, 0x00000007c0000000, 0x00000007c0000000)
  eden space 26112K, 100% used [0x00000007bd580000,0x00000007bef00000,0x00000007bef00000)
  from space 8192K, 46% used [0x00000007bef00000,0x00000007bf2bd740,0x00000007bf700000)
  to   space 8192K, 0% used [0x00000007bf800000,0x00000007bf800000,0x00000007c0000000)
 ParOldGen       total 64512K, used 7668K [0x00000007b8000000, 0x00000007bbf00000, 0x00000007bd580000)
  object space 64512K, 11% used [0x00000007b8000000,0x00000007b877d2d8,0x00000007bbf00000)
 Metaspace       used 25502K, capacity 25811K, committed 26112K, reserved 1073152K
  class space    used 2926K, capacity 3038K, committed 3072K, reserved 1048576K
Event: 62.467 GC heap after
Heap after GC invocations=13 (full 1):
 PSYoungGen      total 34304K, used 6897K [0x00000007bd580000, 0x00000007c0000000, 0x00000007c0000000)
  eden space 26112K, 0% used [0x00000007bd580000,0x00000007bd580000,0x00000007bef00000)
  from space 8192K, 84% used [0x00000007bf800000,0x00000007bfebc548,0x00000007c0000000)
  to   space 8704K, 0% used [0x00000007bef00000,0x00000007bef00000,0x00000007bf780000)
 ParOldGen       total 64512K, used 7676K [0x00000007b8000000, 0x00000007bbf00000, 0x00000007bd580000)
  object space 64512K, 11% used [0x00000007b8000000,0x00000007b877f2d8,0x00000007bbf00000)
 Metaspace       used 25502K, capacity 25811K, committed 26112K, reserved 1073152K
  class space    used 2926K, capacity 3038K, committed 3072K, reserved 1048576K
}
Event: 81.987 GC heap before
{Heap before GC invocations=14 (full 1):
 PSYoungGen      total 34304K, used 33009K [0x00000007bd580000, 0x00000007c0000000, 0x00000007c0000000)
  eden space 26112K, 100% used [0x00000007bd580000,0x00000007bef00000,0x00000007bef00000)
  from space 8192K, 84% used [0x00000007bf800000,0x00000007bfebc548,0x00000007c0000000)
  to   space 8704K, 0% used [0x00000007bef00000,0x00000007bef00000,0x00000007bf780000)
 ParOldGen       total 64512K, used 7676K [0x00000007b8000000, 0x00000007bbf00000, 0x00000007bd580000)
  object space 64512K, 11% used [0x00000007b8000000,0x00000007b877f2d8,0x00000007bbf00000)
 Metaspace       used 26017K, capacity 26323K, committed 26496K, reserved 1073152K
  class space    used 3004K, capacity 3102K, committed 3200K, reserved 1048576K
Event: 82.000 GC heap after
Heap after GC invocations=14 (full 1):
 PSYoungGen      total 33792K, used 7327K [0x00000007bd580000, 0x00000007c0000000, 0x00000007c0000000)
  eden space 26112K, 0% used [0x00000007bd580000,0x00000007bd580000,0x00000007bef00000)
  from space 7680K, 95% used [0x00000007bef00000,0x00000007bf627cb8,0x00000007bf680000)
  to   space 9216K, 0% used [0x00000007bf700000,0x00000007bf700000,0x00000007c0000000)
 ParOldGen       total 64512K, used 7684K [0x00000007b8000000, 0x00000007bbf00000, 0x00000007bd580000)
  object space 64512K, 11% used [0x00000007b8000000,0x00000007b87812d8,0x00000007bbf00000)
 Metaspace       used 26017K, capacity 26323K, committed 26496K, reserved 1073152K
  class space    used 3004K, capacity 3102K, committed 3200K, reserved 1048576K
}

