# JRE version: Java(TM) SE Runtime Environment (8.0_151-b12) (build 1.8.0_151-b12)
# Java VM: Java HotSpot(TM) 64-Bit Server VM (25.151-b12 mixed mode bsd-amd64 compressed oops)
Heap:
 PSYoungGen      total 38400K, used 33484K [0x00000007bd580000, 0x00000007c0000000, 0x00000007c0000000)
  eden space 33280K, 85% used [0x00000007bd580000,0x00000007bf133f38,0x00000007bf600000)
  from space 5120K, 99% used [0x00000007bfb00000,0x00000007bffff250,0x00000007c0000000)
  to   space 5120K, 0% used [0x00000007bf600000,0x00000007bf600000,0x00000007bfb00000)
 ParOldGen       total 87552K, used 2484K [0x00000007b8000000, 0x00000007bd580000, 0x00000007bd580000)
  object space 87552K, 2% used [0x00000007b8000000,0x00000007b826d230,0x00000007bd580000)
 Metaspace       used 20536K, capacity 20793K, committed 21120K, reserved 1069056K
  class space    used 2294K, capacity 2399K, committed 2432K, reserved 1048576K
GC Heap History (4 events):
Event: 1.604 GC heap before
{Heap before GC invocations=1 (full 0):
 PSYoungGen      total 38400K, used 33280K [0x00000007bd580000, 0x00000007c0000000, 0x00000007c0000000)
  eden space 33280K, 100% used [0x00000007bd580000,0x00000007bf600000,0x00000007bf600000)
  from space 5120K, 0% used [0x00000007bfb00000,0x00000007bfb00000,0x00000007c0000000)
  to   space 5120K, 0% used [0x00000007bf600000,0x00000007bf600000,0x00000007bfb00000)
 ParOldGen       total 87552K, used 0K [0x00000007b8000000, 0x00000007bd580000, 0x00000007bd580000)
  object space 87552K, 0% used [0x00000007b8000000,0x00000007b8000000,0x00000007bd580000)
 Metaspace       used 14255K, capacity 14421K, committed 14720K, reserved 1062912K
  class space    used 1604K, capacity 1661K, committed 1664K, reserved 1048576K
Event: 1.611 GC heap after
Heap after GC invocations=1 (full 0):
 PSYoungGen      total 38400K, used 5092K [0x00000007bd580000, 0x00000007c0000000, 0x00000007c0000000)
  eden space 33280K, 0% used [0x00000007bd580000,0x00000007bd580000,0x00000007bf600000)
  from space 5120K, 99% used [0x00000007bf600000,0x00000007bfaf9300,0x00000007bfb00000)
  to   space 5120K, 0% used [0x00000007bfb00000,0x00000007bfb00000,0x00000007c0000000)
 ParOldGen       total 87552K, used 1423K [0x00000007b8000000, 0x00000007bd580000, 0x00000007bd580000)
  object space 87552K, 1% used [0x00000007b8000000,0x00000007b8163e20,0x00000007bd580000)
 Metaspace       used 14255K, capacity 14421K, committed 14720K, reserved 1062912K
  class space    used 1604K, capacity 1661K, committed 1664K, reserved 1048576K
}
Event: 2.014 GC heap before
{Heap before GC invocations=2 (full 0):
 PSYoungGen      total 38400K, used 38372K [0x00000007bd580000, 0x00000007c0000000, 0x00000007c0000000)
  eden space 33280K, 100% used [0x00000007bd580000,0x00000007bf600000,0x00000007bf600000)
  from space 5120K, 99% used [0x00000007bf600000,0x00000007bfaf9300,0x00000007bfb00000)
  to   space 5120K, 0% used [0x00000007bfb00000,0x00000007bfb00000,0x00000007c0000000)
 ParOldGen       total 87552K, used 1423K [0x00000007b8000000, 0x00000007bd580000, 0x00000007bd580000)
  object space 87552K, 1% used [0x00000007b8000000,0x00000007b8163e20,0x00000007bd580000)
 Metaspace       used 18327K, capacity 18585K, committed 18816K, reserved 1067008K
  class space    used 2080K, capacity 2163K, committed 2176K, reserved 1048576K
Event: 2.020 GC heap after
Heap after GC invocations=2 (full 0):
 PSYoungGen      total 38400K, used 5116K [0x00000007bd580000, 0x00000007c0000000, 0x00000007c0000000)
  eden space 33280K, 0% used [0x00000007bd580000,0x00000007bd580000,0x00000007bf600000)
  from space 5120K, 99% used [0x00000007bfb00000,0x00000007bffff250,0x00000007c0000000)
  to   space 5120K, 0% used [0x00000007bf600000,0x00000007bf600000,0x00000007bfb00000)
 ParOldGen       total 87552K, used 2484K [0x00000007b8000000, 0x00000007bd580000, 0x00000007bd580000)
  object space 87552K, 2% used [0x00000007b8000000,0x00000007b826d230,0x00000007bd580000)
 Metaspace       used 18327K, capacity 18585K, committed 18816K, reserved 1067008K
  class space    used 2080K, capacity 2163K, committed 2176K, reserved 1048576K
}

