# JRE version: Java(TM) SE Runtime Environment (8.0_151-b12) (build 1.8.0_151-b12)
# Java VM: Java HotSpot(TM) 64-Bit Server VM (25.151-b12 mixed mode bsd-amd64 compressed oops)
Heap:
 PSYoungGen      total 22016K, used 2828K [0x00000007bd580000, 0x00000007bfe00000, 0x00000007c0000000)
  eden space 20992K, 10% used [0x00000007bd580000,0x00000007bd79ef08,0x00000007bea00000)
  from space 1024K, 64% used [0x00000007bea00000,0x00000007beaa4230,0x00000007beb00000)
  to   space 10240K, 0% used [0x00000007bf400000,0x00000007bf400000,0x00000007bfe00000)
 ParOldGen       total 67072K, used 16680K [0x00000007b8000000, 0x00000007bc180000, 0x00000007bd580000)
  object space 67072K, 24% used [0x00000007b8000000,0x00000007b904a260,0x00000007bc180000)
 Metaspace       used 27534K, capacity 27871K, committed 28160K, reserved 1075200K
  class space    used 3199K, capacity 3298K, committed 3328K, reserved 1048576K
GC Heap History (10 events):
Event: 57.376 GC heap before
{Heap before GC invocations=14 (full 1):
 PSYoungGen      total 30208K, used 23072K [0x00000007bd580000, 0x00000007c0000000, 0x00000007c0000000)
  eden space 20992K, 100% used [0x00000007bd580000,0x00000007bea00000,0x00000007bea00000)
  from space 9216K, 22% used [0x00000007bf700000,0x00000007bf908240,0x00000007c0000000)
  to   space 11264K, 0% used [0x00000007bea00000,0x00000007bea00000,0x00000007bf500000)
 ParOldGen       total 67072K, used 14133K [0x00000007b8000000, 0x00000007bc180000, 0x00000007bd580000)
  object space 67072K, 21% used [0x00000007b8000000,0x00000007b8dcd788,0x00000007bc180000)
 Metaspace       used 27157K, capacity 27489K, committed 27648K, reserved 1073152K
  class space    used 3157K, capacity 3259K, committed 3328K, reserved 1048576K
Event: 57.383 GC heap after
Heap after GC invocations=14 (full 1):
 PSYoungGen      total 32256K, used 448K [0x00000007bd580000, 0x00000007c0000000, 0x00000007c0000000)
  eden space 20992K, 0% used [0x00000007bd580000,0x00000007bd580000,0x00000007bea00000)
  from space 11264K, 3% used [0x00000007bea00000,0x00000007bea70000,0x00000007bf500000)
  to   space 11264K, 0% used [0x00000007bf500000,0x00000007bf500000,0x00000007c0000000)
 ParOldGen       total 67072K, used 15876K [0x00000007b8000000, 0x00000007bc180000, 0x00000007bd580000)
  object space 67072K, 23% used [0x00000007b8000000,0x00000007b8f81350,0x00000007bc180000)
 Metaspace       used 27157K, capacity 27489K, committed 27648K, reserved 1073152K
  class space    used 3157K, capacity 3259K, committed 3328K, reserved 1048576K
}
Event: 61.748 GC heap before
{Heap before GC invocations=15 (full 1):
 PSYoungGen      total 32256K, used 21440K [0x00000007bd580000, 0x00000007c0000000, 0x00000007c0000000)
  eden space 20992K, 100% used [0x00000007bd580000,0x00000007bea00000,0x00000007bea00000)
  from space 11264K, 3% used [0x00000007bea00000,0x00000007bea70000,0x00000007bf500000)
  to   space 11264K, 0% used [0x00000007bf500000,0x00000007bf500000,0x00000007c0000000)
 ParOldGen       total 67072K, used 15876K [0x00000007b8000000, 0x00000007bc180000, 0x00000007bd580000)
  object space 67072K, 23% used [0x00000007b8000000,0x00000007b8f81350,0x00000007bc180000)
 Metaspace       used 27407K, capacity 27731K, committed 27904K, reserved 1073152K
  class space    used 3186K, capacity 3296K, committed 3328K, reserved 1048576K
Event: 61.760 GC heap after
Heap after GC invocations=15 (full 1):
 PSYoungGen      total 32256K, used 727K [0x00000007bd580000, 0x00000007c0000000, 0x00000007c0000000)
  eden space 20992K, 0% used [0x00000007bd580000,0x00000007bd580000,0x00000007bea00000)
  from space 11264K, 6% used [0x00000007bf500000,0x00000007bf5b5fc0,0x00000007c0000000)
  to   space 11264K, 0% used [0x00000007bea00000,0x00000007bea00000,0x00000007bf500000)
 ParOldGen       total 67072K, used 15980K [0x00000007b8000000, 0x00000007bc180000, 0x00000007bd580000)
  object space 67072K, 23% used [0x00000007b8000000,0x00000007b8f9b350,0x00000007bc180000)
 Metaspace       used 27407K, capacity 27731K, committed 27904K, reserved 1073152K
  class space    used 3186K, capacity 3296K, committed 3328K, reserved 1048576K
}
Event: 68.702 GC heap before
{Heap before GC invocations=16 (full 1):
 PSYoungGen      total 32256K, used 21719K [0x00000007bd580000, 0x00000007c0000000, 0x00000007c0000000)
  eden space 20992K, 100% used [0x00000007bd580000,0x00000007bea00000,0x00000007bea00000)
  from space 11264K, 6% used [0x00000007bf500000,0x00000007bf5b5fc0,0x00000007c0000000)
  to   space 11264K, 0% used [0x00000007bea00000,0x00000007bea00000,0x00000007bf500000)
 ParOldGen       total 67072K, used 15980K [0x00000007b8000000, 0x00000007bc180000, 0x00000007bd580000)
  object space 67072K, 23% used [0x00000007b8000000,0x00000007b8f9b350,0x00000007bc180000)
 Metaspace       used 27456K, capacity 27795K, committed 28160K, reserved 1075200K
  class space    used 3190K, capacity 3296K, committed 3328K, reserved 1048576K
Event: 68.704 GC heap after
Heap after GC invocations=16 (full 1):
 PSYoungGen      total 32256K, used 504K [0x00000007bd580000, 0x00000007c0000000, 0x00000007c0000000)
  eden space 20992K, 0% used [0x00000007bd580000,0x00000007bd580000,0x00000007bea00000)
  from space 11264K, 4% used [0x00000007bea00000,0x00000007bea7e050,0x00000007bf500000)
  to   space 11264K, 0% used [0x00000007bf500000,0x00000007bf500000,0x00000007c0000000)
 ParOldGen       total 67072K, used 16418K [0x00000007b8000000, 0x00000007bc180000, 0x00000007bd580000)
  object space 67072K, 24% used [0x00000007b8000000,0x00000007b9008800,0x00000007bc180000)
 Metaspace       used 27456K, capacity 27795K, committed 28160K, reserved 1075200K
  class space    used 3190K, capacity 3296K, committed 3328K, reserved 1048576K
}
Event: 72.376 GC heap before
{Heap before GC invocations=17 (full 1):
 PSYoungGen      total 32256K, used 21496K [0x00000007bd580000, 0x00000007c0000000, 0x00000007c0000000)
  eden space 20992K, 100% used [0x00000007bd580000,0x00000007bea00000,0x00000007bea00000)
  from space 11264K, 4% used [0x00000007bea00000,0x00000007bea7e050,0x00000007bf500000)
  to   space 11264K, 0% used [0x00000007bf500000,0x00000007bf500000,0x00000007c0000000)
 ParOldGen       total 67072K, used 16418K [0x00000007b8000000, 0x00000007bc180000, 0x00000007bd580000)
  object space 67072K, 24% used [0x00000007b8000000,0x00000007b9008800,0x00000007bc180000)
 Metaspace       used 27490K, capacity 27807K, committed 28160K, reserved 1075200K
  class space    used 3191K, capacity 3298K, committed 3328K, reserved 1048576K
Event: 72.390 GC heap after
Heap after GC invocations=17 (full 1):
 PSYoungGen      total 31232K, used 592K [0x00000007bd580000, 0x00000007bff00000, 0x00000007c0000000)
  eden space 20992K, 0% used [0x00000007bd580000,0x00000007bd580000,0x00000007bea00000)
  from space 10240K, 5% used [0x00000007bf500000,0x00000007bf594230,0x00000007bff00000)
  to   space 10752K, 0% used [0x00000007bea00000,0x00000007bea00000,0x00000007bf480000)
 ParOldGen       total 67072K, used 16672K [0x00000007b8000000, 0x00000007bc180000, 0x00000007bd580000)
  object space 67072K, 24% used [0x00000007b8000000,0x00000007b9048260,0x00000007bc180000)
 Metaspace       used 27490K, capacity 27807K, committed 28160K, reserved 1075200K
  class space    used 3191K, capacity 3298K, committed 3328K, reserved 1048576K
}
Event: 146.823 GC heap before
{Heap before GC invocations=18 (full 1):
 PSYoungGen      total 31232K, used 21572K [0x00000007bd580000, 0x00000007bff00000, 0x00000007c0000000)
  eden space 20992K, 99% used [0x00000007bd580000,0x00000007be9fce58,0x00000007bea00000)
  from space 10240K, 5% used [0x00000007bf500000,0x00000007bf594230,0x00000007bff00000)
  to   space 10752K, 0% used [0x00000007bea00000,0x00000007bea00000,0x00000007bf480000)
 ParOldGen       total 67072K, used 16672K [0x00000007b8000000, 0x00000007bc180000, 0x00000007bd580000)
  object space 67072K, 24% used [0x00000007b8000000,0x00000007b9048260,0x00000007bc180000)
 Metaspace       used 27518K, capacity 27807K, committed 28160K, reserved 1075200K
  class space    used 3196K, capacity 3298K, committed 3328K, reserved 1048576K
Event: 146.829 GC heap after
Heap after GC invocations=18 (full 1):
 PSYoungGen      total 22016K, used 656K [0x00000007bd580000, 0x00000007bfe00000, 0x00000007c0000000)
  eden space 20992K, 0% used [0x00000007bd580000,0x00000007bd580000,0x00000007bea00000)
  from space 1024K, 64% used [0x00000007bea00000,0x00000007beaa4230,0x00000007beb00000)
  to   space 10240K, 0% used [0x00000007bf400000,0x00000007bf400000,0x00000007bfe00000)
 ParOldGen       total 67072K, used 16680K [0x00000007b8000000, 0x00000007bc180000, 0x00000007bd580000)
  object space 67072K, 24% used [0x00000007b8000000,0x00000007b904a260,0x00000007bc180000)
 Metaspace       used 27518K, capacity 27807K, committed 28160K, reserved 1075200K
  class space    used 3196K, capacity 3298K, committed 3328K, reserved 1048576K
}

